{"level":"info","message":"Scheduled cron triggered...","timestamp":"2024-12-02T05:18:00.808Z"}
{"level":"info","message":"Running cron job for Month: 8, Year: 2024","timestamp":"2024-12-02T05:18:00.815Z"}
{"level":"info","message":"Scheduled cron triggered...","timestamp":"2024-12-02T06:22:00.040Z"}
{"level":"info","message":"Running cron job for Month: 9, Year: 2024","timestamp":"2024-12-02T06:22:00.047Z"}
{"level":"info","message":"Scheduled cron triggered...","timestamp":"2024-12-02T08:01:00.964Z"}
{"level":"info","message":"Running cron job for Month: 10, Year: 2024","timestamp":"2024-12-02T08:01:00.970Z"}
{"level":"info","message":"Scheduled cron triggered...","timestamp":"2024-12-03T08:58:00.264Z"}
{"level":"info","message":"Running cron job for Month: 11, Year: 2024","timestamp":"2024-12-03T08:58:00.270Z"}
{"level":"info","message":"Scheduled cron triggered...","timestamp":"2024-12-04T08:58:00.475Z"}
{"level":"info","message":"Running cron job for Month: 11, Year: 2024","timestamp":"2024-12-04T08:58:00.482Z"}
{"level":"info","message":"Scheduled cron triggered...","timestamp":"2024-12-04T10:29:00.640Z"}
{"level":"info","message":"Running cron job for Attendance Date: 2024-12-03","timestamp":"2024-12-04T10:29:00.645Z"}
{"level":"info","message":"Cron job completed successfully for Date: 2024-12-03","timestamp":"2024-12-04T10:47:16.724Z"}
{"level":"info","message":"Scheduled cron triggered...","timestamp":"2024-12-04T11:16:00.398Z"}
{"level":"info","message":"Running cron job for Attendance Date: 2024-12-02","timestamp":"2024-12-04T11:16:00.403Z"}
{"level":"info","message":"Cron job completed successfully for Date: 2024-12-02","timestamp":"2024-12-04T11:31:09.355Z"}
{"level":"info","message":"Scheduled cron triggered...","timestamp":"2024-12-04T11:35:00.221Z"}
{"level":"info","message":"Running cron job for Attendance Date: 2024-12-01","timestamp":"2024-12-04T11:35:00.225Z"}
{"level":"info","message":"Cron job completed successfully for Date: 2024-12-01","timestamp":"2024-12-04T11:50:10.276Z"}
{"level":"info","message":"Scheduled cron triggered...","timestamp":"2024-12-04T12:49:00.935Z"}
{"level":"info","message":"Running cron job for Attendance Date: 2024-12-03","timestamp":"2024-12-04T12:49:00.941Z"}
{"class":16,"code":"EREQUEST","level":"error","lineNumber":11,"message":"Error running cron job for Date: 2024-12-03: Invalid column name 'SelectedMonth'.","name":"RequestError","number":207,"originalError":{"info":{"class":16,"handlerName":"onErrorMessage","lineNumber":11,"message":"Invalid column name 'SelectedMonth'.","name":"ERROR","number":207,"procName":"","serverName":"VJSERVER","state":1}},"precedingErrors":[],"procName":"","serverName":"VJSERVER","stack":"RequestError: Invalid column name 'SelectedMonth'.\n    at handleError (C:\\Users\\Vaibhav Patil\\Desktop\\VJ_LabourApp_BackendNew\\backend\\node_modules\\mssql\\lib\\tedious\\request.js:384:15)\n    at Connection.emit (node:events:519:28)\n    at Connection.emit (C:\\Users\\Vaibhav Patil\\Desktop\\VJ_LabourApp_BackendNew\\backend\\node_modules\\tedious\\lib\\connection.js:959:18)\n    at RequestTokenHandler.onErrorMessage (C:\\Users\\Vaibhav Patil\\Desktop\\VJ_LabourApp_BackendNew\\backend\\node_modules\\tedious\\lib\\token\\handler.js:285:21)\n    at Readable.<anonymous> (C:\\Users\\Vaibhav Patil\\Desktop\\VJ_LabourApp_BackendNew\\backend\\node_modules\\tedious\\lib\\token\\token-stream-parser.js:18:33)\n    at Readable.emit (node:events:519:28)\n    at addChunk (node:internal/streams/readable:559:12)\n    at readableAddChunkPushObjectMode (node:internal/streams/readable:536:3)\n    at Readable.push (node:internal/streams/readable:391:5)\n    at nextAsync (node:internal/streams/from:194:22)\n    at process.processTicksAndRejections (node:internal/process/task_queues:95:5)","state":1,"timestamp":"2024-12-04T13:02:05.368Z"}
{"level":"info","message":"Scheduled cron triggered...","timestamp":"2024-12-04T13:10:00.567Z"}
{"level":"info","message":"Running cron job for Attendance Date: 2024-12-03","timestamp":"2024-12-04T13:10:00.571Z"}
{"level":"info","message":"Scheduled cron triggered...","timestamp":"2024-12-05T05:00:00.061Z"}
{"level":"info","message":"Running cron job for Attendance Date: 2024-12-04","timestamp":"2024-12-05T05:00:00.071Z"}
{"class":16,"code":"EREQUEST","level":"error","lineNumber":11,"message":"Error running cron job for Date: 2024-12-04: Invalid column name 'SelectedMonth'.","name":"RequestError","number":207,"originalError":{"info":{"class":16,"handlerName":"onErrorMessage","lineNumber":11,"message":"Invalid column name 'SelectedMonth'.","name":"ERROR","number":207,"procName":"","serverName":"VJSERVER","state":1}},"precedingErrors":[],"procName":"","serverName":"VJSERVER","stack":"RequestError: Invalid column name 'SelectedMonth'.\n    at handleError (C:\\Users\\Vaibhav Patil\\Desktop\\VJ_LabourApp_BackendNew\\backend\\node_modules\\mssql\\lib\\tedious\\request.js:384:15)\n    at Connection.emit (node:events:519:28)\n    at Connection.emit (C:\\Users\\Vaibhav Patil\\Desktop\\VJ_LabourApp_BackendNew\\backend\\node_modules\\tedious\\lib\\connection.js:959:18)\n    at RequestTokenHandler.onErrorMessage (C:\\Users\\Vaibhav Patil\\Desktop\\VJ_LabourApp_BackendNew\\backend\\node_modules\\tedious\\lib\\token\\handler.js:285:21)\n    at Readable.<anonymous> (C:\\Users\\Vaibhav Patil\\Desktop\\VJ_LabourApp_BackendNew\\backend\\node_modules\\tedious\\lib\\token\\token-stream-parser.js:18:33)\n    at Readable.emit (node:events:519:28)\n    at addChunk (node:internal/streams/readable:559:12)\n    at readableAddChunkPushObjectMode (node:internal/streams/readable:536:3)\n    at Readable.push (node:internal/streams/readable:391:5)\n    at nextAsync (node:internal/streams/from:194:22)\n    at process.processTicksAndRejections (node:internal/process/task_queues:95:5)","state":1,"timestamp":"2024-12-05T05:19:19.558Z"}
{"level":"info","message":"Scheduled cron triggered...","timestamp":"2024-12-05T05:36:00.467Z"}
{"level":"info","message":"Running cron job for Attendance Date: 2024-12-04","timestamp":"2024-12-05T05:36:00.472Z"}
{"class":16,"code":"EREQUEST","level":"error","lineNumber":11,"message":"Error running cron job for Date: 2024-12-04: Invalid column name 'SelectedMonth'.","name":"RequestError","number":207,"originalError":{"info":{"class":16,"handlerName":"onErrorMessage","lineNumber":11,"message":"Invalid column name 'SelectedMonth'.","name":"ERROR","number":207,"procName":"","serverName":"VJSERVER","state":1}},"precedingErrors":[],"procName":"","serverName":"VJSERVER","stack":"RequestError: Invalid column name 'SelectedMonth'.\n    at handleError (C:\\Users\\Vaibhav Patil\\Desktop\\VJ_LabourApp_BackendNew\\backend\\node_modules\\mssql\\lib\\tedious\\request.js:384:15)\n    at Connection.emit (node:events:519:28)\n    at Connection.emit (C:\\Users\\Vaibhav Patil\\Desktop\\VJ_LabourApp_BackendNew\\backend\\node_modules\\tedious\\lib\\connection.js:959:18)\n    at RequestTokenHandler.onErrorMessage (C:\\Users\\Vaibhav Patil\\Desktop\\VJ_LabourApp_BackendNew\\backend\\node_modules\\tedious\\lib\\token\\handler.js:285:21)\n    at Readable.<anonymous> (C:\\Users\\Vaibhav Patil\\Desktop\\VJ_LabourApp_BackendNew\\backend\\node_modules\\tedious\\lib\\token\\token-stream-parser.js:18:33)\n    at Readable.emit (node:events:519:28)\n    at addChunk (node:internal/streams/readable:559:12)\n    at readableAddChunkPushObjectMode (node:internal/streams/readable:536:3)\n    at Readable.push (node:internal/streams/readable:391:5)\n    at nextAsync (node:internal/streams/from:194:22)\n    at process.processTicksAndRejections (node:internal/process/task_queues:95:5)","state":1,"timestamp":"2024-12-05T05:48:54.866Z"}
{"level":"info","message":"Scheduled cron triggered...","timestamp":"2024-12-05T06:14:00.149Z"}
{"level":"info","message":"Running cron job for Attendance Date: 2024-12-04","timestamp":"2024-12-05T06:14:00.152Z"}
{"level":"info","message":"Cron job completed successfully for Date: 2024-12-04","timestamp":"2024-12-05T06:14:04.259Z"}
{"level":"info","message":"Scheduled cron triggered...","timestamp":"2024-12-05T06:32:00.097Z"}
{"level":"info","message":"Running cron job for Attendance Date: 2024-12-04","timestamp":"2024-12-05T06:32:00.100Z"}
{"level":"info","message":"Cron job completed successfully for Date: 2024-12-04","timestamp":"2024-12-05T07:02:51.786Z"}
